Z80 Macro Assembler ZMA v1.0.15
=====================================================
Programmed by t.hara

<< code >>
[	INCLUDE ".//../zma/MSXBIOS.ASM"] begin
[	INCLUDE ".//../zma/MSXBIOS.ASM"] end

[	ORG 0]
	code address: 0x000000

[	DB 0XFE]
000000: fe

[	DW START_ADDRESS]
000001: 00 c0

[	DW END_ADDRESS + ( END_ADDRESS_ON_PAGE1 - START_ADDRESS_ON_PAGE1 )]
000003: 4b c2

[	DW START_ADDRESS]
000005: 00 c0

[	ORG 0XC000]
	code address: 0x00c000

[START_ADDRESS ::]
	global label address: 0x00c000

[	LD A , [ RAMAD1 ]] Z80:14cyc, R800:6cyc
00c000: 3a 42 f3

[	LD H , 0X40] Z80:8cyc, R800:2cyc
00c003: 26 40

[	CALL ENASLT] Z80:18cyc, R800:5cyc
00c005: cd 24 00

[	LD HL , END_ADDRESS] Z80:11cyc, R800:3cyc
00c008: 21 3f c0

[	LD DE , START_ADDRESS_ON_PAGE1] Z80:11cyc, R800:3cyc
00c00b: 11 00 40

[	LD BC , END_ADDRESS_ON_PAGE1 - START_ADDRESS_ON_PAGE1] Z80:11cyc, R800:3cyc
00c00e: 01 0c 02

[	LDIR] Z80:23cyc(BC!=0), 18cyc(BC=0), R800:?cyc(BC!=0), 7cyc(BC=0)
00c011: ed b0

[	CALL INIT] Z80:18cyc, R800:5cyc
00c013: cd 35 40

[	DI] Z80:5cyc, R800:2cyc
00c016: f3

[	IN A , [ 0XA8 ]] Z80:12cyc, R800:10 or 9cyc
00c017: db a8

[	AND A , 0X0C] Z80:8cyc, R800:2cyc
00c019: e6 0c

[	RLCA] Z80:5cyc, R800:1cyc
00c01b: 07

[	RLCA] Z80:5cyc, R800:1cyc
00c01c: 07

[	LD E , A] Z80:5cyc, R800:2cyc
00c01d: 5f

[	LD HL , 0XFCC5] Z80:11cyc, R800:3cyc
00c01e: 21 c5 fc

[	RRCA] Z80:5cyc, R800:1cyc
00c021: 0f

[	RRCA] Z80:5cyc, R800:1cyc
00c022: 0f

[	RRCA] Z80:5cyc, R800:1cyc
00c023: 0f

[	RRCA] Z80:5cyc, R800:1cyc
00c024: 0f

[	ADD A , L] Z80:5cyc, R800:1cyc
00c025: 85

[	LD L , A] Z80:5cyc, R800:2cyc
00c026: 6f

[	LD A , [ HL ]] Z80:8cyc, R800:4cyc
00c027: 7e

[	AND A , 0X0C] Z80:8cyc, R800:2cyc
00c028: e6 0c

[	OR A , E] Z80:5cyc, R800:1cyc
00c02a: b3

[	LD E , A] Z80:5cyc, R800:2cyc
00c02b: 5f

[	LD D , 0] Z80:8cyc, R800:2cyc
00c02c: 16 00

[	LD HL , 0XFCC9 + 1] Z80:11cyc, R800:3cyc
00c02e: 21 ca fc

[	ADD HL , DE] Z80:12cyc, R800:1cyc
00c031: 19

[	LD A , 1 << 5] Z80:8cyc, R800:2cyc
00c032: 3e 20

[	LD [ HL ] , A] Z80:8cyc, R800:4cyc
00c034: 77

[	LD A , [ EXPTBL ]] Z80:14cyc, R800:6cyc
00c035: 3a c1 fc

[	LD H , 0X40] Z80:8cyc, R800:2cyc
00c038: 26 40

[	CALL ENASLT] Z80:18cyc, R800:5cyc
00c03a: cd 24 00

[	EI] Z80:5cyc, R800:1cyc
00c03d: fb

[	RET] Z80:11cyc, R800:5cyc
00c03e: c9

[END_ADDRESS ::]
	global label address: 0x00c03f

[	ORG 0X4000]
	code address: 0x004000

[START_ADDRESS_ON_PAGE1 :]
	label address: 0x004000

[ROM_HEADER ::]
	global label address: 0x004000

[	DS "AB"]
004000: 41 42

[	DW INIT]
004002: 35 40

[	DW CALL_INTERPRETER]
004004: 10 40

[	DW 0X0000]
004006: 00 00

[	DW 0X0000]
004008: 00 00

[	DW 0X0000]
00400a: 00 00

[	DW 0X0000]
00400c: 00 00

[	DW 0X0000]
00400e: 00 00

[CALL_INTERPRETER ::]
	global label address: 0x004010

[	SCOPE COMMAND_SEARCH]
	Scope path: COMMAND_SEARCH:

[COMMAND_SEARCH ::]
	global label address: 0x004010

[	PUSH HL] Z80:12cyc, R800:6cyc
004010: e5

[	LD HL , COMMAND_TABLE] Z80:11cyc, R800:3cyc
004011: 21 f6 41

[SEARCH_LOOP :]
	label address: 0x004014

[	LD BC , PROCNM] Z80:11cyc, R800:3cyc
004014: 01 89 fd

[	LD E , [ HL ]] Z80:8cyc, R800:4cyc
004017: 5e

[	INC HL] Z80:7cyc, R800:1cyc
004018: 23

[	LD D , [ HL ]] Z80:8cyc, R800:4cyc
004019: 56

[	INC HL] Z80:7cyc, R800:1cyc
00401a: 23

[	LD A , E] Z80:5cyc, R800:2cyc
00401b: 7b

[	OR A , D] Z80:5cyc, R800:1cyc
00401c: b2

[	JR NZ , STRCMP_LOOP] Z80:13cyc(cond=true), 8cyc(cond=false), R800:3cyc(cond=true), 2cyc(cond=false)
00401d: 20 02

[	POP HL] Z80:11cyc, R800:5cyc
00401f: e1

[	RET] Z80:11cyc, R800:5cyc
004020: c9

[STRCMP_LOOP :]
	label address: 0x004021

[	LD A , [ BC ]] Z80:8cyc, R800:4cyc
004021: 0a

[	CP A , [ HL ]] Z80:8cyc, R800:4cyc
004022: be

[	JR NZ , SKIP_REMAIN_CHAR] Z80:13cyc(cond=true), 8cyc(cond=false), R800:3cyc(cond=true), 2cyc(cond=false)
004023: 20 07

[	OR A , A] Z80:5cyc, R800:1cyc
004025: b7

[	JR Z , EXIT_STRCMP_LOOP] Z80:13cyc(cond=true), 8cyc(cond=false), R800:3cyc(cond=true), 2cyc(cond=false)
004026: 28 0b

[	INC BC] Z80:7cyc, R800:1cyc
004028: 03

[	INC HL] Z80:7cyc, R800:1cyc
004029: 23

[	JR STRCMP_LOOP] Z80:13cyc, R800:3cyc
00402a: 18 f5

[SKIP_REMAIN_CHAR :]
	label address: 0x00402c

[	LD A , [ HL ]] Z80:8cyc, R800:4cyc
00402c: 7e

[	OR A , A] Z80:5cyc, R800:1cyc
00402d: b7

[	INC HL] Z80:7cyc, R800:1cyc
00402e: 23

[	JR NZ , SKIP_REMAIN_CHAR] Z80:13cyc(cond=true), 8cyc(cond=false), R800:3cyc(cond=true), 2cyc(cond=false)
00402f: 20 fb

[	JR SEARCH_LOOP] Z80:13cyc, R800:3cyc
004031: 18 e1

[EXIT_STRCMP_LOOP :]
	label address: 0x004033

[	EX DE , HL] Z80:5cyc, R800:1cyc
004033: eb

[	JP HL] Z80:5cyc, R800:3cyc
004034: e9

[	ENDSCOPE]
	Scope path: 

[	SCOPE INIT]
	Scope path: INIT:

[INIT ::]
	global label address: 0x004035

[	LD HL , EXPTBL] Z80:11cyc, R800:3cyc
004035: 21 c1 fc

[	XOR A , A] Z80:5cyc, R800:1cyc
004038: af

[BASE_SLOT_LOOP :]
	label address: 0x004039

[	LD B , A] Z80:5cyc, R800:2cyc
004039: 47

[	LD A , [ HL ]] Z80:8cyc, R800:4cyc
00403a: 7e

[	AND A , 0X80] Z80:8cyc, R800:2cyc
00403b: e6 80

[	OR A , B] Z80:5cyc, R800:1cyc
00403d: b0

[	LD [ CURRENT_SLOT ] , A] Z80:14cyc, R800:6cyc
00403e: 32 f1 41

[	PUSH HL] Z80:12cyc, R800:6cyc
004041: e5

[CHECK_SLOT :]
	label address: 0x004042

[	LD H , 0X80] Z80:8cyc, R800:2cyc
004042: 26 80

[	CALL ENASLT] Z80:18cyc, R800:5cyc
004044: cd 24 00

[	LD A , [ SCC_REG_A ]] Z80:14cyc, R800:6cyc
004047: 3a fe 7f

[	LD [ BACKUP_SCC_REG_A ] , A] Z80:14cyc, R800:6cyc
00404a: 32 f2 41

[	LD A , [ SCC_REG_B ]] Z80:14cyc, R800:6cyc
00404d: 3a fe bf

[	LD [ BACKUP_SCC_REG_B ] , A] Z80:14cyc, R800:6cyc
004050: 32 f3 41

[	LD A , [ SCC_BANK2 ]] Z80:14cyc, R800:6cyc
004053: 3a 00 90

[	LD [ BACKUP_SCC_BANK2 ] , A] Z80:14cyc, R800:6cyc
004056: 32 f4 41

[	LD A , [ SCC_BANK3 ]] Z80:14cyc, R800:6cyc
004059: 3a 00 b0

[	LD [ BACKUP_SCC_BANK3 ] , A] Z80:14cyc, R800:6cyc
00405c: 32 f5 41

[	LD A , SCC_BANK2_WAVE_BANK] Z80:8cyc, R800:2cyc
00405f: 3e 3f

[	LD [ SCC_BANK2 ] , A] Z80:14cyc, R800:6cyc
004061: 32 00 90

[	LD A , SCC_BANK3_SCCI_BANK] Z80:8cyc, R800:2cyc
004064: 3e 80

[	LD [ SCC_BANK3 ] , A] Z80:14cyc, R800:6cyc
004066: 32 00 b0

[	XOR A , A] Z80:5cyc, R800:1cyc
004069: af

[	LD [ SCC_REG_A ] , A] Z80:14cyc, R800:6cyc
00406a: 32 fe 7f

[	LD HL , 0X98A0] Z80:11cyc, R800:3cyc
00406d: 21 a0 98

[	CALL CHECK_ACCESS] Z80:18cyc, R800:5cyc
004070: cd c4 40

[	JP Z , IS_NOT_SCC] Z80:11cyc, R800:5cyc(cond=true), 3cyc(cond=false)
004073: ca 8e 40

[	LD HL , 0X9800] Z80:11cyc, R800:3cyc
004076: 21 00 98

[	CALL CHECK_ACCESS] Z80:18cyc, R800:5cyc
004079: cd c4 40

[	JP NZ , IS_NOT_SCC] Z80:11cyc, R800:5cyc(cond=true), 3cyc(cond=false)
00407c: c2 8e 40

[	LD A , SCC_REG_B_NEW_MODE] Z80:8cyc, R800:2cyc
00407f: 3e 20

[	LD [ SCC_REG_B ] , A] Z80:14cyc, R800:6cyc
004081: 32 fe bf

[	LD A , [ RAMAD2 ]] Z80:14cyc, R800:6cyc
004084: 3a 43 f3

[	LD H , 0X80] Z80:8cyc, R800:2cyc
004087: 26 80

[	CALL ENASLT] Z80:18cyc, R800:5cyc
004089: cd 24 00

[	POP HL] Z80:11cyc, R800:5cyc
00408c: e1

[	RET] Z80:11cyc, R800:5cyc
00408d: c9

[IS_NOT_SCC :]
	label address: 0x00408e

[	LD A , [ BACKUP_SCC_BANK2 ]] Z80:14cyc, R800:6cyc
00408e: 3a f4 41

[	LD [ SCC_BANK2 ] , A] Z80:14cyc, R800:6cyc
004091: 32 00 90

[	LD A , [ BACKUP_SCC_REG_B ]] Z80:14cyc, R800:6cyc
004094: 3a f3 41

[	LD [ SCC_REG_B ] , A] Z80:14cyc, R800:6cyc
004097: 32 fe bf

[	LD A , [ BACKUP_SCC_REG_A ]] Z80:14cyc, R800:6cyc
00409a: 3a f2 41

[	LD [ SCC_REG_A ] , A] Z80:14cyc, R800:6cyc
00409d: 32 fe 7f

[CHECK_NEXT_SLOT :]
	label address: 0x0040a0

[	LD A , [ CURRENT_SLOT ]] Z80:14cyc, R800:6cyc
0040a0: 3a f1 41

[	OR A , A] Z80:5cyc, R800:1cyc
0040a3: b7

[	JP P , SLOT_IS_NOT_EXPANDED] Z80:11cyc, R800:5cyc(cond=true), 3cyc(cond=false)
0040a4: f2 b4 40

[	ADD A , 0X04] Z80:8cyc, R800:2cyc
0040a7: c6 04

[	BIT 4 , A] Z80:10cyc, R800:2cyc
0040a9: cb 67

[	JP NZ , NEXT_BASIC_SLOT] Z80:11cyc, R800:5cyc(cond=true), 3cyc(cond=false)
0040ab: c2 b4 40

[	LD [ CURRENT_SLOT ] , A] Z80:14cyc, R800:6cyc
0040ae: 32 f1 41

[	JP CHECK_SLOT] Z80:11cyc, R800:5cyc
0040b1: c3 42 40

[SLOT_IS_NOT_EXPANDED :]
	label address: 0x0040b4

[NEXT_BASIC_SLOT :]
	label address: 0x0040b4

[	POP HL] Z80:11cyc, R800:5cyc
0040b4: e1

[	LD A , 0XFF] Z80:8cyc, R800:2cyc
0040b5: 3e ff

[	LD [ CURRENT_SLOT ] , A] Z80:14cyc, R800:6cyc
0040b7: 32 f1 41

[	LD A , L] Z80:5cyc, R800:2cyc
0040ba: 7d

[	CP A , 0XC4] Z80:8cyc, R800:2cyc
0040bb: fe c4

[	RET Z] Z80:12cyc(branch), 6cyc(through), R800:5cyc(branch), 1cyc(through)
0040bd: c8

[	INC HL] Z80:7cyc, R800:1cyc
0040be: 23

[	AND A , 0X03] Z80:8cyc, R800:2cyc
0040bf: e6 03

[	JP BASE_SLOT_LOOP] Z80:11cyc, R800:5cyc
0040c1: c3 39 40

[CHECK_ACCESS :]
	label address: 0x0040c4

[	LD A , [ HL ]] Z80:8cyc, R800:4cyc
0040c4: 7e

[	CPL] Z80:5cyc, R800:1cyc
0040c5: 2f

[	LD [ HL ] , A] Z80:8cyc, R800:4cyc
0040c6: 77

[	CP A , [ HL ]] Z80:8cyc, R800:4cyc
0040c7: be

[	CPL] Z80:5cyc, R800:1cyc
0040c8: 2f

[	LD [ HL ] , A] Z80:8cyc, R800:4cyc
0040c9: 77

[	RET] Z80:11cyc, R800:5cyc
0040ca: c9

[	ENDSCOPE]
	Scope path: 

[	SCOPE SCC_POKE]
	Scope path: SCC_POKE:

[SCC_POKE ::]
	global label address: 0x0040cb

[	POP HL] Z80:11cyc, R800:5cyc
0040cb: e1

[	DEC HL] Z80:7cyc, R800:1cyc
0040cc: 2b

[	LD IX , CALBAS_CHRGTR] Z80:16cyc, R800:4cyc
0040cd: dd 21 66 46

[	CALL CALBAS] Z80:18cyc, R800:5cyc
0040d1: cd 59 01

[	CP A , 40] Z80:8cyc, R800:2cyc
0040d4: fe 28

[	JP NZ , SYNTAX_ERROR] Z80:11cyc, R800:5cyc(cond=true), 3cyc(cond=false)
0040d6: c2 bd 41

[	INC HL] Z80:7cyc, R800:1cyc
0040d9: 23

[	LD IX , CALBAS_FRMQNT] Z80:16cyc, R800:4cyc
0040da: dd 21 2f 54

[	CALL CALBAS] Z80:18cyc, R800:5cyc
0040de: cd 59 01

[	LD [ DATA_ADDRESS ] , DE] Z80:22cyc, R800:8cyc
0040e1: ed 53 cf 41

[	DEC HL] Z80:7cyc, R800:1cyc
0040e5: 2b

[	LD IX , CALBAS_CHRGTR] Z80:16cyc, R800:4cyc
0040e6: dd 21 66 46

[	CALL CALBAS] Z80:18cyc, R800:5cyc
0040ea: cd 59 01

[	CP A , 44] Z80:8cyc, R800:2cyc
0040ed: fe 2c

[	JP NZ , SYNTAX_ERROR] Z80:11cyc, R800:5cyc(cond=true), 3cyc(cond=false)
0040ef: c2 bd 41

[	INC HL] Z80:7cyc, R800:1cyc
0040f2: 23

[	LD B , 32] Z80:8cyc, R800:2cyc
0040f3: 06 20

[	LD DE , DATA_WORK] Z80:11cyc, R800:3cyc
0040f5: 11 d1 41

[LOOP :]
	label address: 0x0040f8

[	PUSH BC] Z80:12cyc, R800:6cyc
0040f8: c5

[	PUSH DE] Z80:12cyc, R800:6cyc
0040f9: d5

[	LD IX , CALBAS_GETBYT] Z80:16cyc, R800:4cyc
0040fa: dd 21 1c 52

[	CALL CALBAS] Z80:18cyc, R800:5cyc
0040fe: cd 59 01

[	POP DE] Z80:11cyc, R800:5cyc
004101: d1

[	LD [ DE ] , A] Z80:8cyc, R800:4cyc
004102: 12

[	INC DE] Z80:7cyc, R800:1cyc
004103: 13

[	DEC HL] Z80:7cyc, R800:1cyc
004104: 2b

[	PUSH DE] Z80:12cyc, R800:6cyc
004105: d5

[	LD IX , CALBAS_CHRGTR] Z80:16cyc, R800:4cyc
004106: dd 21 66 46

[	CALL CALBAS] Z80:18cyc, R800:5cyc
00410a: cd 59 01

[	POP DE] Z80:11cyc, R800:5cyc
00410d: d1

[	POP BC] Z80:11cyc, R800:5cyc
00410e: c1

[	INC HL] Z80:7cyc, R800:1cyc
00410f: 23

[	CP A , 41] Z80:8cyc, R800:2cyc
004110: fe 29

[	JP Z , EXIT_LOOP] Z80:11cyc, R800:5cyc(cond=true), 3cyc(cond=false)
004112: ca 1f 41

[	CP A , 44] Z80:8cyc, R800:2cyc
004115: fe 2c

[	JP NZ , SYNTAX_ERROR] Z80:11cyc, R800:5cyc(cond=true), 3cyc(cond=false)
004117: c2 bd 41

[	DJNZ LOOP] Z80:14cyc(cond=true), 9cyc(cond=false), R800:3cyc(cond=true), 2cyc(cond=false)
00411a: 10 dc

[	JP SYNTAX_ERROR] Z80:11cyc, R800:5cyc
00411c: c3 bd 41

[EXIT_LOOP :]
	label address: 0x00411f

[	PUSH HL] Z80:12cyc, R800:6cyc
00411f: e5

[	LD A , B] Z80:5cyc, R800:2cyc
004120: 78

[	DEC A] Z80:5cyc, R800:1cyc
004121: 3d

[	XOR A , 31] Z80:8cyc, R800:2cyc
004122: ee 1f

[	INC A] Z80:5cyc, R800:1cyc
004124: 3c

[	LD C , A] Z80:5cyc, R800:2cyc
004125: 4f

[	LD B , 0] Z80:8cyc, R800:2cyc
004126: 06 00

[	PUSH BC] Z80:12cyc, R800:6cyc
004128: c5

[	LD A , [ DETECT_SCC_SLOT ]] Z80:14cyc, R800:6cyc
004129: 3a f1 41

[	LD H , 0X80] Z80:8cyc, R800:2cyc
00412c: 26 80

[	CALL ENASLT] Z80:18cyc, R800:5cyc
00412e: cd 24 00

[	LD HL , [ DATA_ADDRESS ]] Z80:17cyc, R800:7cyc
004131: 2a cf 41

[	LD A , H] Z80:5cyc, R800:2cyc
004134: 7c

[	OR A , 0X80] Z80:8cyc, R800:2cyc
004135: f6 80

[	LD H , A] Z80:5cyc, R800:2cyc
004137: 67

[	LD DE , DATA_WORK] Z80:11cyc, R800:3cyc
004138: 11 d1 41

[	POP BC] Z80:11cyc, R800:5cyc
00413b: c1

[	LDIR] Z80:23cyc(BC!=0), 18cyc(BC=0), R800:?cyc(BC!=0), 7cyc(BC=0)
00413c: ed b0

[	LD A , [ RAMAD2 ]] Z80:14cyc, R800:6cyc
00413e: 3a 43 f3

[	LD H , 0X80] Z80:8cyc, R800:2cyc
004141: 26 80

[	CALL ENASLT] Z80:18cyc, R800:5cyc
004143: cd 24 00

[	POP HL] Z80:11cyc, R800:5cyc
004146: e1

[	EI] Z80:5cyc, R800:1cyc
004147: fb

[	RET] Z80:11cyc, R800:5cyc
004148: c9

[	ENDSCOPE]
	Scope path: 

[	SCOPE SCC_PEEK]
	Scope path: SCC_PEEK:

[SCC_PEEK ::]
	global label address: 0x004149

[	POP HL] Z80:11cyc, R800:5cyc
004149: e1

[	DEC HL] Z80:7cyc, R800:1cyc
00414a: 2b

[	LD IX , CALBAS_CHRGTR] Z80:16cyc, R800:4cyc
00414b: dd 21 66 46

[	CALL CALBAS] Z80:18cyc, R800:5cyc
00414f: cd 59 01

[	CP A , 40] Z80:8cyc, R800:2cyc
004152: fe 28

[	JP NZ , SYNTAX_ERROR] Z80:11cyc, R800:5cyc(cond=true), 3cyc(cond=false)
004154: c2 bd 41

[	INC HL] Z80:7cyc, R800:1cyc
004157: 23

[	LD IX , CALBAS_FRMQNT] Z80:16cyc, R800:4cyc
004158: dd 21 2f 54

[	CALL CALBAS] Z80:18cyc, R800:5cyc
00415c: cd 59 01

[	EX DE , HL] Z80:5cyc, R800:1cyc
00415f: eb

[	LD C , [ HL ]] Z80:8cyc, R800:4cyc
004160: 4e

[	INC HL] Z80:7cyc, R800:1cyc
004161: 23

[	LD B , [ HL ]] Z80:8cyc, R800:4cyc
004162: 46

[	LD [ DATA_ADDRESS ] , BC] Z80:22cyc, R800:8cyc
004163: ed 43 cf 41

[	EX DE , HL] Z80:5cyc, R800:1cyc
004167: eb

[	PUSH HL] Z80:12cyc, R800:6cyc
004168: e5

[	LD A , [ DETECT_SCC_SLOT ]] Z80:14cyc, R800:6cyc
004169: 3a f1 41

[	LD H , 0X80] Z80:8cyc, R800:2cyc
00416c: 26 80

[	CALL ENASLT] Z80:18cyc, R800:5cyc
00416e: cd 24 00

[	LD HL , [ DATA_ADDRESS ]] Z80:17cyc, R800:7cyc
004171: 2a cf 41

[	LD A , [ HL ]] Z80:8cyc, R800:4cyc
004174: 7e

[	LD [ DATA_WORK ] , A] Z80:14cyc, R800:6cyc
004175: 32 d1 41

[	LD A , [ RAMAD2 ]] Z80:14cyc, R800:6cyc
004178: 3a 43 f3

[	LD H , 0X80] Z80:8cyc, R800:2cyc
00417b: 26 80

[	CALL ENASLT] Z80:18cyc, R800:5cyc
00417d: cd 24 00

[	EI] Z80:5cyc, R800:1cyc
004180: fb

[	POP HL] Z80:11cyc, R800:5cyc
004181: e1

[	DEC HL] Z80:7cyc, R800:1cyc
004182: 2b

[	LD IX , CALBAS_CHRGTR] Z80:16cyc, R800:4cyc
004183: dd 21 66 46

[	CALL CALBAS] Z80:18cyc, R800:5cyc
004187: cd 59 01

[	CP A , 44] Z80:8cyc, R800:2cyc
00418a: fe 2c

[	JP NZ , SYNTAX_ERROR] Z80:11cyc, R800:5cyc(cond=true), 3cyc(cond=false)
00418c: c2 bd 41

[	INC HL] Z80:7cyc, R800:1cyc
00418f: 23

[	XOR A , A] Z80:5cyc, R800:1cyc
004190: af

[	LD [ SUBFLG ] , A] Z80:14cyc, R800:6cyc
004191: 32 a5 f6

[	LD IX , CALBAS_PTRGET] Z80:16cyc, R800:4cyc
004194: dd 21 a4 5e

[	CALL CALBAS] Z80:18cyc, R800:5cyc
004198: cd 59 01

[	DEC DE] Z80:7cyc, R800:1cyc
00419b: 1b

[	DEC DE] Z80:7cyc, R800:1cyc
00419c: 1b

[	DEC DE] Z80:7cyc, R800:1cyc
00419d: 1b

[	LD A , [ DE ]] Z80:8cyc, R800:4cyc
00419e: 1a

[	CP A , 2] Z80:8cyc, R800:2cyc
00419f: fe 02

[	JP NZ , TYPE_MISMATCH_ERROR] Z80:11cyc, R800:5cyc(cond=true), 3cyc(cond=false)
0041a1: c2 c6 41

[	INC DE] Z80:7cyc, R800:1cyc
0041a4: 13

[	INC DE] Z80:7cyc, R800:1cyc
0041a5: 13

[	INC DE] Z80:7cyc, R800:1cyc
0041a6: 13

[	LD A , [ DATA_WORK ]] Z80:14cyc, R800:6cyc
0041a7: 3a d1 41

[	LD [ DE ] , A] Z80:8cyc, R800:4cyc
0041aa: 12

[	INC DE] Z80:7cyc, R800:1cyc
0041ab: 13

[	XOR A , A] Z80:5cyc, R800:1cyc
0041ac: af

[	LD [ DE ] , A] Z80:8cyc, R800:4cyc
0041ad: 12

[	DEC HL] Z80:7cyc, R800:1cyc
0041ae: 2b

[	LD IX , CALBAS_CHRGTR] Z80:16cyc, R800:4cyc
0041af: dd 21 66 46

[	CALL CALBAS] Z80:18cyc, R800:5cyc
0041b3: cd 59 01

[	CP A , 41] Z80:8cyc, R800:2cyc
0041b6: fe 29

[	JP NZ , SYNTAX_ERROR] Z80:11cyc, R800:5cyc(cond=true), 3cyc(cond=false)
0041b8: c2 bd 41

[	INC HL] Z80:7cyc, R800:1cyc
0041bb: 23

[	RET] Z80:11cyc, R800:5cyc
0041bc: c9

[	ENDSCOPE]
	Scope path: 

[	SCOPE SYNTAX_ERROR]
	Scope path: SYNTAX_ERROR:

[SYNTAX_ERROR ::]
	global label address: 0x0041bd

[	LD E , 2] Z80:8cyc, R800:2cyc
0041bd: 1e 02

[	LD IX , CALBAS_ERRHAND] Z80:16cyc, R800:4cyc
0041bf: dd 21 6f 40

[	JP CALBAS] Z80:11cyc, R800:5cyc
0041c3: c3 59 01

[	ENDSCOPE]
	Scope path: 

[	SCOPE TYPE_MISMATCH_ERROR]
	Scope path: TYPE_MISMATCH_ERROR:

[TYPE_MISMATCH_ERROR ::]
	global label address: 0x0041c6

[	LD E , 13] Z80:8cyc, R800:2cyc
0041c6: 1e 0d

[	LD IX , CALBAS_ERRHAND] Z80:16cyc, R800:4cyc
0041c8: dd 21 6f 40

[	JP CALBAS] Z80:11cyc, R800:5cyc
0041cc: c3 59 01

[	ENDSCOPE]
	Scope path: 

[DATA_ADDRESS ::]
	global label address: 0x0041cf

[	DW 0]
0041cf: 00 00

[DATA_WORK ::]
	global label address: 0x0041d1

[SPACE 32]
	Allocate space: 32byte(s)
		Fill value: 0

[DETECT_SCC_SLOT ::]
	global label address: 0x0041f1

[CURRENT_SLOT ::]
	global label address: 0x0041f1

[	DB 0]
0041f1: 00

[BACKUP_SCC_REG_A ::]
	global label address: 0x0041f2

[	DB 0]
0041f2: 00

[BACKUP_SCC_REG_B ::]
	global label address: 0x0041f3

[	DB 0]
0041f3: 00

[BACKUP_SCC_BANK2 :]
	label address: 0x0041f4

[	DB 0]
0041f4: 00

[BACKUP_SCC_BANK3 :]
	label address: 0x0041f5

[	DB 0]
0041f5: 00

Define macro {COMMAND_ITEM MACRO ADDRESS , NAME}

[COMMAND_TABLE ::]
	global label address: 0x0041f6

((COMMAND_ITEM SCC_POKE , "SCCPOKE"))
	Scope path: @MACRO0:
[	DW SCC_POKE]
0041f6: cb 40

[	DS "SCCPOKE"]
0041f8: 53 43 43 50 4f 4b 45

[	DB 0]
0041ff: 00

((COMMAND_ITEM SCC_PEEK , "SCCPEEK"))
	Scope path: @MACRO1:
[	DW SCC_PEEK]
004200: 49 41

[	DS "SCCPEEK"]
004202: 53 43 43 50 45 45 4b

[	DB 0]
004209: 00

[	DW 0]
00420a: 00 00

[END_ADDRESS_ON_PAGE1 :]
	label address: 0x00420c

<< label >>
BACKUP_SCC_BANK2 16884 ( 0x41f4 )
BACKUP_SCC_BANK3 16885 ( 0x41f5 )
BACKUP_SCC_REG_A 16882 ( 0x41f2 )
BACKUP_SCC_REG_B 16883 ( 0x41f3 )
BAKCLR 62442 ( 0xf3ea )
BDRCLR 62443 ( 0xf3eb )
BEEP 192 ( 0xc0 )
BIGFIL 363 ( 0x16b )
BOTTOM 64584 ( 0xfc48 )
BREAKV 62245 ( 0xf325 )
BREAKX 183 ( 0xb7 )
CALATR 135 ( 0x87 )
CALBAS 345 ( 0x159 )
CALBAS_CHRGTR 18022 ( 0x4666 )
CALBAS_CRUNCH 17074 ( 0x42b2 )
CALBAS_ERRHAND 16495 ( 0x406f )
CALBAS_FRESTR 26576 ( 0x67d0 )
CALBAS_FRMEVL 19556 ( 0x4c64 )
CALBAS_FRMQNT 21551 ( 0x542f )
CALBAS_GETBYT 21020 ( 0x521c )
CALBAS_NEWSTT 17921 ( 0x4601 )
CALBAS_PTRGET 24228 ( 0x5ea4 )
CALBAS_READYR 16539 ( 0x409b )
CALLF 48 ( 0x30 )
CALL_INTERPRETER 16400 ( 0x4010 )
CALPAT 132 ( 0x84 )
CALSLT 28 ( 0x1c )
CHGCAP 306 ( 0x132 )
CHGCLR 98 ( 0x62 )
CHGCPU 384 ( 0x180 )
CHGET 159 ( 0x9f )
CHGMOD 95 ( 0x5f )
CHGSND 309 ( 0x135 )
CHKRAM 0 ( 0x0 )
CHPUT 162 ( 0xa2 )
CHRGTR 16 ( 0x10 )
CHSNS 156 ( 0x9c )
CLIKSW 62427 ( 0xf3db )
CLPRIM 62348 ( 0xf38c )
CLRSPR 105 ( 0x69 )
CLS 195 ( 0xc3 )
CNSDFG 62430 ( 0xf3de )
CNVCHR 171 ( 0xab )
COMMAND_SEARCH 16400 ( 0x4010 )
COMMAND_SEARCH:EXIT_STRCMP_LOOP 16435 ( 0x4033 )
COMMAND_SEARCH:SEARCH_LOOP 16404 ( 0x4014 )
COMMAND_SEARCH:SKIP_REMAIN_CHAR 16428 ( 0x402c )
COMMAND_SEARCH:STRCMP_LOOP 16417 ( 0x4021 )
COMMAND_TABLE 16886 ( 0x41f6 )
CSRX 62429 ( 0xf3dd )
CSRY 62428 ( 0xf3dc )
CURLIN 62492 ( 0xf41c )
CURRENT_SLOT 16881 ( 0x41f1 )
DAC 63478 ( 0xf7f6 )
DATA_ADDRESS 16847 ( 0x41cf )
DATA_WORK 16849 ( 0x41d1 )
DCOMPR 32 ( 0x20 )
DETECT_SCC_SLOT 16881 ( 0x41f1 )
DEVICE 64921 ( 0xfd99 )
DISKVE 62243 ( 0xf323 )
DISSCR 65 ( 0x41 )
DSPFNK 207 ( 0xcf )
ENASCR 68 ( 0x44 )
ENASLT 36 ( 0x24 )
END_ADDRESS 49215 ( 0xc03f )
END_ADDRESS_ON_PAGE1 16908 ( 0x420c )
EOL 360 ( 0x168 )
ERAFNK 204 ( 0xcc )
EXBRSA 64248 ( 0xfaf8 )
EXPTBL 64705 ( 0xfcc1 )
EXTBIO 65482 ( 0xffca )
EXTROM 351 ( 0x15f )
FILVRM 86 ( 0x56 )
FNKSB 201 ( 0xc9 )
FNKSTR 63615 ( 0xf87f )
FORCLR 62441 ( 0xf3e9 )
GETCPU 387 ( 0x183 )
GETYPR 40 ( 0x28 )
GICINI 144 ( 0x90 )
GRPPRT 141 ( 0x8d )
GSPSIZ 138 ( 0x8a )
GTPAD 219 ( 0xdb )
GTPDL 222 ( 0xde )
GTSTCK 213 ( 0xd5 )
GTTRIG 216 ( 0xd8 )
HIMEM 64586 ( 0xfc4a )
HOKVLD 64288 ( 0xfb20 )
H_CMD 65037 ( 0xfe0d )
H_PROMPT 62031 ( 0xf24f )
H_TIMI 64927 ( 0xfd9f )
INIFNK 62 ( 0x3e )
INIGRP 114 ( 0x72 )
INIMLT 117 ( 0x75 )
INIT 16437 ( 0x4035 )
INIT32 111 ( 0x6f )
INIT:BASE_SLOT_LOOP 16441 ( 0x4039 )
INIT:CHECK_ACCESS 16580 ( 0x40c4 )
INIT:CHECK_NEXT_SLOT 16544 ( 0x40a0 )
INIT:CHECK_SLOT 16450 ( 0x4042 )
INIT:IS_NOT_SCC 16526 ( 0x408e )
INIT:NEXT_BASIC_SLOT 16564 ( 0x40b4 )
INIT:SLOT_IS_NOT_EXPANDED 16564 ( 0x40b4 )
INITIO 59 ( 0x3b )
INITXT 108 ( 0x6c )
INLIN 177 ( 0xb1 )
ISFLIO 330 ( 0x14a )
KEYBUF 64496 ( 0xfbf0 )
KEYINT 56 ( 0x38 )
KILBUF 342 ( 0x156 )
LDIRMV 89 ( 0x59 )
LDIRVM 92 ( 0x5c )
LINL32 62383 ( 0xf3af )
LINL40 62382 ( 0xf3ae )
LINLEN 62384 ( 0xf3b0 )
LINWRK 64536 ( 0xfc18 )
LPTOUT 165 ( 0xa5 )
LPTSTT 168 ( 0xa8 )
MASTERS 62280 ( 0xf348 )
NEWKEY 64485 ( 0xfbe5 )
NMI 102 ( 0x66 )
NRDVRM 372 ( 0x174 )
NSETRD 366 ( 0x16e )
NSTWRT 369 ( 0x171 )
NWRVRM 375 ( 0x177 )
OLDKEY 64474 ( 0xfbda )
OLDSCR 64688 ( 0xfcb0 )
OUTDLP 333 ( 0x14d )
OUTDO 24 ( 0x18 )
PATWRK 64576 ( 0xfc40 )
PCMPLY 390 ( 0x186 )
PCMREC 393 ( 0x189 )
PINLIN 174 ( 0xae )
POSIT 198 ( 0xc6 )
PROCNM 64905 ( 0xfd89 )
QINLIN 180 ( 0xb4 )
RAMAD0 62273 ( 0xf341 )
RAMAD1 62274 ( 0xf342 )
RAMAD2 62275 ( 0xf343 )
RAMAD3 62276 ( 0xf344 )
RDPRIM 62336 ( 0xf380 )
RDPSG 150 ( 0x96 )
RDRES 378 ( 0x17a )
RDSLT 12 ( 0xc )
RDVDP 318 ( 0x13e )
RDVRM 74 ( 0x4a )
RG0SAV 62431 ( 0xf3df )
RG1SAV 62432 ( 0xf3e0 )
RG2SAV 62433 ( 0xf3e1 )
RG3SAV 62434 ( 0xf3e2 )
RG4SAV 62435 ( 0xf3e3 )
RG5SAV 62436 ( 0xf3e4 )
RG6SAV 62437 ( 0xf3e5 )
RG7SAV 62438 ( 0xf3e6 )
RG8SAV 65511 ( 0xffe7 )
RG9SAV 65512 ( 0xffe8 )
ROM_HEADER 16384 ( 0x4000 )
RSLREG 312 ( 0x138 )
SCC_BANK2 36864 ( 0x9000 )
SCC_BANK2_WAVE_BANK 63 ( 0x3f )
SCC_BANK3 45056 ( 0xb000 )
SCC_BANK3_SCCI_BANK 128 ( 0x80 )
SCC_PEEK 16713 ( 0x4149 )
SCC_POKE 16587 ( 0x40cb )
SCC_POKE:EXIT_LOOP 16671 ( 0x411f )
SCC_POKE:LOOP 16632 ( 0x40f8 )
SCC_REG_A 32766 ( 0x7ffe )
SCC_REG_B 49150 ( 0xbffe )
SCC_REG_B_NEW_MODE 32 ( 0x20 )
SCC_REG_B_RAM_WRITE_EN 16 ( 0x10 )
SCRMOD 64687 ( 0xfcaf )
SETGRP 126 ( 0x7e )
SETMLT 129 ( 0x81 )
SETRD 80 ( 0x50 )
SETT32 123 ( 0x7b )
SETTXT 120 ( 0x78 )
SETWRT 83 ( 0x53 )
SLTATR 64713 ( 0xfcc9 )
SLTTBL 64709 ( 0xfcc5 )
SLTWRK 64777 ( 0xfd09 )
SNSMAT 321 ( 0x141 )
START_ADDRESS 49152 ( 0xc000 )
START_ADDRESS_ON_PAGE1 16384 ( 0x4000 )
STATFL 62439 ( 0xf3e7 )
STMOTR 243 ( 0xf3 )
STRTMS 153 ( 0x99 )
SUBFLG 63141 ( 0xf6a5 )
SUBROM 348 ( 0x15c )
SUB_BEEP 381 ( 0x17d )
SUB_CALATR 253 ( 0xfd )
SUB_CALPAT 249 ( 0xf9 )
SUB_CHGCLR 273 ( 0x111 )
SUB_CHGMDP 437 ( 0x1b5 )
SUB_CHGMOD 209 ( 0xd1 )
SUB_CLRSPR 245 ( 0xf5 )
SUB_CLSSUB 277 ( 0x115 )
SUB_DSPFNK 285 ( 0x11d )
SUB_GETPAT 261 ( 0x105 )
SUB_GETPLT 329 ( 0x149 )
SUB_GSPSIZ 257 ( 0x101 )
SUB_GTPPRT 137 ( 0x89 )
SUB_INIGRP 221 ( 0xdd )
SUB_INIMLT 225 ( 0xe1 )
SUB_INIPLT 321 ( 0x141 )
SUB_INIT32 217 ( 0xd9 )
SUB_INITXT 213 ( 0xd5 )
SUB_KNJPRT 445 ( 0x1bd )
SUB_NEWPAD 429 ( 0x1ad )
SUB_NVBXFL 205 ( 0xcd )
SUB_NVBXLN 201 ( 0xc9 )
SUB_PROMPT 385 ( 0x181 )
SUB_RDVRM 269 ( 0x10d )
SUB_REDCLK 501 ( 0x1f5 )
SUB_RSTPLT 325 ( 0x145 )
SUB_SETGRP 237 ( 0xed )
SUB_SETMLT 241 ( 0xf1 )
SUB_SETPAG 317 ( 0x13d )
SUB_SETPLT 333 ( 0x14d )
SUB_SETT32 233 ( 0xe9 )
SUB_SETTXT 229 ( 0xe5 )
SUB_VDPSTA 305 ( 0x131 )
SUB_WRTCLK 505 ( 0x1f9 )
SUB_WRTVDP 301 ( 0x12d )
SUB_WRTVRM 265 ( 0x109 )
SYNCHR 8 ( 0x8 )
SYNTAX_ERROR 16829 ( 0x41bd )
TAPIN 228 ( 0xe4 )
TAPIOF 231 ( 0xe7 )
TAPION 225 ( 0xe1 )
TAPOOF 240 ( 0xf0 )
TAPOON 234 ( 0xea )
TAPOUT 237 ( 0xed )
TOTEXT 210 ( 0xd2 )
TRPTBL 64588 ( 0xfc4c )
TYPE_MISMATCH_ERROR 16838 ( 0x41c6 )
USRTAB 62362 ( 0xf39a )
VALTYP 63075 ( 0xf663 )
WRPRIM 62341 ( 0xf385 )
WRRES 381 ( 0x17d )
WRSLT 20 ( 0x14 )
WRTPSG 147 ( 0x93 )
WRTVDP 71 ( 0x47 )
WRTVRM 77 ( 0x4d )
WSLREG 315 ( 0x13b )
