Flow report for wave_table_sound
Wed Oct 27 07:05:22 2021
Quartus Prime Version 20.1.1 Build 720 11/11/2020 SJ Lite Edition


---------------------
; Table of Contents ;
---------------------
  1. Legal Notice
  2. Flow Summary
  3. Flow Settings
  4. Flow Non-Default Global Settings
  5. Flow Elapsed Time
  6. Flow OS Summary
  7. Flow Log
  8. Flow Messages
  9. Flow Suppressed Messages



----------------
; Legal Notice ;
----------------
Copyright (C) 2020  Intel Corporation. All rights reserved.
Your use of Intel Corporation's design tools, logic functions 
and other software and tools, and any partner logic 
functions, and any output files from any of the foregoing 
(including device programming or simulation files), and any 
associated documentation or information are expressly subject 
to the terms and conditions of the Intel Program License 
Subscription Agreement, the Intel Quartus Prime License Agreement,
the Intel FPGA IP License Agreement, or other applicable license
agreement, including, without limitation, that your use is for
the sole purpose of programming logic devices manufactured by
Intel and sold by Intel or its authorized distributors.  Please
refer to the applicable agreement for further details, at
https://fpgasoftware.intel.com/eula.



+----------------------------------------------------------------------------------+
; Flow Summary                                                                     ;
+------------------------------------+---------------------------------------------+
; Flow Status                        ; Successful - Wed Oct 27 07:05:15 2021       ;
; Quartus Prime Version              ; 20.1.1 Build 720 11/11/2020 SJ Lite Edition ;
; Revision Name                      ; wave_table_sound                            ;
; Top-level Entity Name              ; wts_for_cartridge                           ;
; Family                             ; MAX 10                                      ;
; Device                             ; 10M04SAE144C8G                              ;
; Timing Models                      ; Final                                       ;
; Total logic elements               ; 3,780 / 4,032 ( 94 % )                      ;
;     Total combinational functions  ; 3,505 / 4,032 ( 87 % )                      ;
;     Dedicated logic registers      ; 2,304 / 4,032 ( 57 % )                      ;
; Total registers                    ; 2304                                        ;
; Total pins                         ; 64 / 101 ( 63 % )                           ;
; Total virtual pins                 ; 0                                           ;
; Total memory bits                  ; 12,288 / 193,536 ( 6 % )                    ;
; Embedded Multiplier 9-bit elements ; 4 / 40 ( 10 % )                             ;
; Total PLLs                         ; 0 / 1 ( 0 % )                               ;
; UFM blocks                         ; 0 / 1 ( 0 % )                               ;
; ADC blocks                         ; 0 / 1 ( 0 % )                               ;
+------------------------------------+---------------------------------------------+


+-----------------------------------------+
; Flow Settings                           ;
+-------------------+---------------------+
; Option            ; Setting             ;
+-------------------+---------------------+
; Start date & time ; 10/27/2021 07:04:28 ;
; Main task         ; Compilation         ;
; Revision Name     ; wave_table_sound    ;
+-------------------+---------------------+


+---------------------------------------------------------------------------------------------------------------------------------------------------------+
; Flow Non-Default Global Settings                                                                                                                        ;
+-------------------------------------+----------------------------------------+------------------+-------------------+-----------------------------------+
; Assignment Name                     ; Value                                  ; Default Value    ; Entity Name       ; Section Id                        ;
+-------------------------------------+----------------------------------------+------------------+-------------------+-----------------------------------+
; COMPILER_SIGNATURE_ID               ; 79871140848936.163528586814232         ; --               ; --                ; --                                ;
; EDA_GENERATE_FUNCTIONAL_NETLIST     ; Off                                    ; --               ; --                ; eda_board_design_timing           ;
; EDA_GENERATE_FUNCTIONAL_NETLIST     ; Off                                    ; --               ; --                ; eda_board_design_boundary_scan    ;
; EDA_GENERATE_FUNCTIONAL_NETLIST     ; Off                                    ; --               ; --                ; eda_board_design_signal_integrity ;
; EDA_GENERATE_FUNCTIONAL_NETLIST     ; Off                                    ; --               ; --                ; eda_board_design_symbol           ;
; FLOW_ENABLE_POWER_ANALYZER          ; On                                     ; Off              ; --                ; --                                ;
; MAX_CORE_JUNCTION_TEMP              ; 85                                     ; --               ; --                ; --                                ;
; MIN_CORE_JUNCTION_TEMP              ; 0                                      ; --               ; --                ; --                                ;
; PARTITION_COLOR                     ; -- (Not supported for targeted family) ; --               ; wts_for_cartridge ; Top                               ;
; PARTITION_FITTER_PRESERVATION_LEVEL ; -- (Not supported for targeted family) ; --               ; wts_for_cartridge ; Top                               ;
; PARTITION_NETLIST_TYPE              ; -- (Not supported for targeted family) ; --               ; wts_for_cartridge ; Top                               ;
; POWER_BOARD_THERMAL_MODEL           ; None (CONSERVATIVE)                    ; --               ; --                ; --                                ;
; POWER_DEFAULT_INPUT_IO_TOGGLE_RATE  ; 12.5 %                                 ; 12.5%            ; --                ; --                                ;
; POWER_PRESET_COOLING_SOLUTION       ; 23 MM HEAT SINK WITH 200 LFPM AIRFLOW  ; --               ; --                ; --                                ;
; PROJECT_OUTPUT_DIRECTORY            ; output_files                           ; --               ; --                ; --                                ;
; TOP_LEVEL_ENTITY                    ; wts_for_cartridge                      ; wave_table_sound ; --                ; --                                ;
+-------------------------------------+----------------------------------------+------------------+-------------------+-----------------------------------+


+--------------------------------------------------------------------------------------------------------------------------+
; Flow Elapsed Time                                                                                                        ;
+----------------------+--------------+-------------------------+---------------------+------------------------------------+
; Module Name          ; Elapsed Time ; Average Processors Used ; Peak Virtual Memory ; Total CPU Time (on all processors) ;
+----------------------+--------------+-------------------------+---------------------+------------------------------------+
; Analysis & Synthesis ; 00:00:19     ; 1.0                     ; 4821 MB             ; 00:00:32                           ;
; Fitter               ; 00:00:18     ; 1.7                     ; 5619 MB             ; 00:00:32                           ;
; Assembler            ; 00:00:01     ; 1.0                     ; 4695 MB             ; 00:00:01                           ;
; Power Analyzer       ; 00:00:06     ; 2.1                     ; 4860 MB             ; 00:00:10                           ;
; Timing Analyzer      ; 00:00:06     ; 2.2                     ; 4829 MB             ; 00:00:11                           ;
; Total                ; 00:00:50     ; --                      ; --                  ; 00:01:26                           ;
+----------------------+--------------+-------------------------+---------------------+------------------------------------+


+------------------------------------------------------------------------------------+
; Flow OS Summary                                                                    ;
+----------------------+------------------+------------+------------+----------------+
; Module Name          ; Machine Hostname ; OS Name    ; OS Version ; Processor type ;
+----------------------+------------------+------------+------------+----------------+
; Analysis & Synthesis ; MSI              ; Windows 10 ; 10.0       ; x86_64         ;
; Fitter               ; MSI              ; Windows 10 ; 10.0       ; x86_64         ;
; Assembler            ; MSI              ; Windows 10 ; 10.0       ; x86_64         ;
; Power Analyzer       ; MSI              ; Windows 10 ; 10.0       ; x86_64         ;
; Timing Analyzer      ; MSI              ; Windows 10 ; 10.0       ; x86_64         ;
+----------------------+------------------+------------+------------+----------------+


------------
; Flow Log ;
------------
quartus_map --read_settings_files=on --write_settings_files=off wave_table_sound -c wave_table_sound
quartus_fit --read_settings_files=off --write_settings_files=off wave_table_sound -c wave_table_sound
quartus_asm --read_settings_files=off --write_settings_files=off wave_table_sound -c wave_table_sound
quartus_pow --read_settings_files=off --write_settings_files=off wave_table_sound -c wave_table_sound
quartus_sta wave_table_sound -c wave_table_sound



